<?xml version="1.0" encoding="UTF-8"?>
<coverage generated="1772358682463" clover="3.2.0">
  <project timestamp="1772358682463" name="All files">
    <metrics statements="9" coveredstatements="9" conditionals="6" coveredconditionals="6" methods="7" coveredmethods="7" elements="22" coveredelements="22" complexity="0" loc="9" ncloc="9" packages="1" files="1" classes="1"/>
    <file name="validator.js" path="D:\php\htdocs\login_page_gitHub\js\validator.js">
      <metrics statements="9" coveredstatements="9" conditionals="6" coveredconditionals="6" methods="7" coveredmethods="7"/>
      <line num="1" count="1" type="stmt"/>
      <line num="3" count="4" type="stmt"/>
      <line num="4" count="4" type="stmt"/>
      <line num="8" count="4" type="stmt"/>
      <line num="12" count="4" type="stmt"/>
      <line num="16" count="4" type="stmt"/>
      <line num="20" count="4" type="stmt"/>
      <line num="24" count="2" type="stmt"/>
      <line num="28" count="2" type="cond" truecount="6" falsecount="0"/>
    </file>
  </project>
</coverage>
