{"D:\\php\\htdocs\\login_page_gitHub\\js\\validator.js": {"path":"D:\\php\\htdocs\\login_page_gitHub\\js\\validator.js","statementMap":{"0":{"start":{"line":1,"column":25},"end":{"line":35,"column":null}},"1":{"start":{"line":3,"column":19},"end":{"line":3,"column":171}},"2":{"start":{"line":4,"column":8},"end":{"line":4,"column":52}},"3":{"start":{"line":8,"column":8},"end":{"line":8,"column":36}},"4":{"start":{"line":12,"column":8},"end":{"line":12,"column":35}},"5":{"start":{"line":16,"column":8},"end":{"line":16,"column":36}},"6":{"start":{"line":20,"column":8},"end":{"line":20,"column":56}},"7":{"start":{"line":24,"column":8},"end":{"line":24,"column":44}},"8":{"start":{"line":28,"column":8},"end":{"line":33,"column":65}}},"fnMap":{"0":{"name":"(anonymous_0)","decl":{"start":{"line":2,"column":19},"end":{"line":2,"column":20}},"loc":{"start":{"line":2,"column":30},"end":{"line":5,"column":5}},"line":2},"1":{"name":"(anonymous_1)","decl":{"start":{"line":7,"column":21},"end":{"line":7,"column":22}},"loc":{"start":{"line":7,"column":35},"end":{"line":9,"column":5}},"line":7},"2":{"name":"(anonymous_2)","decl":{"start":{"line":11,"column":15},"end":{"line":11,"column":16}},"loc":{"start":{"line":11,"column":29},"end":{"line":13,"column":5}},"line":11},"3":{"name":"(anonymous_3)","decl":{"start":{"line":15,"column":26},"end":{"line":15,"column":27}},"loc":{"start":{"line":15,"column":40},"end":{"line":17,"column":5}},"line":15},"4":{"name":"(anonymous_4)","decl":{"start":{"line":19,"column":32},"end":{"line":19,"column":33}},"loc":{"start":{"line":19,"column":46},"end":{"line":21,"column":5}},"line":19},"5":{"name":"(anonymous_5)","decl":{"start":{"line":23,"column":21},"end":{"line":23,"column":22}},"loc":{"start":{"line":23,"column":52},"end":{"line":25,"column":5}},"line":23},"6":{"name":"(anonymous_6)","decl":{"start":{"line":27,"column":17},"end":{"line":27,"column":18}},"loc":{"start":{"line":27,"column":55},"end":{"line":34,"column":5}},"line":27}},"branchMap":{"0":{"loc":{"start":{"line":28,"column":15},"end":{"line":33,"column":64}},"type":"binary-expr","locations":[{"start":{"line":28,"column":15},"end":{"line":28,"column":45}},{"start":{"line":29,"column":12},"end":{"line":29,"column":47}},{"start":{"line":30,"column":12},"end":{"line":30,"column":41}},{"start":{"line":31,"column":12},"end":{"line":31,"column":52}},{"start":{"line":32,"column":12},"end":{"line":32,"column":58}},{"start":{"line":33,"column":12},"end":{"line":33,"column":64}}],"line":28}},"s":{"0":1,"1":4,"2":4,"3":4,"4":4,"5":4,"6":4,"7":2,"8":2},"f":{"0":4,"1":4,"2":4,"3":4,"4":4,"5":2,"6":2},"b":{"0":[2,2,2,2,2,2]},"meta":{"lastBranch":1,"lastFunction":7,"lastStatement":9,"seen":{"s:1:25:35:Infinity":0,"f:2:19:2:20":0,"s:3:19:3:171":1,"s:4:8:4:52":2,"f:7:21:7:22":1,"s:8:8:8:36":3,"f:11:15:11:16":2,"s:12:8:12:35":4,"f:15:26:15:27":3,"s:16:8:16:36":5,"f:19:32:19:33":4,"s:20:8:20:56":6,"f:23:21:23:22":5,"s:24:8:24:44":7,"f:27:17:27:18":6,"s:28:8:33:65":8,"b:28:15:28:45:29:12:29:47:30:12:30:41:31:12:31:52:32:12:32:58:33:12:33:64":0}}}
}
